2020-06-25 10:37:35,966 2864 Process Started =====================================================================================
2020-06-25 10:37:35,966 2864 Iterating through queries

2020-06-25 10:37:35,970 2864 Starting new HTTPS connection (1): ksearch.cognitiveservices.azure.com:443
2020-06-25 10:37:47,355 2864 https://ksearch.cognitiveservices.azure.com:443 "GET /bing/v7.0/news/search?q=%28Coca+Cola++OR++Coca-Cola++OR++Coca+Cola+India%29&mkt=en-IN&freshness=day HTTP/1.1" 200 9280
2020-06-25 10:38:33,689 2864 Process Started =====================================================================================
2020-06-25 10:38:33,690 2864 Iterating through queries

2020-06-25 10:38:33,695 2864 Starting new HTTPS connection (1): ksearch.cognitiveservices.azure.com:443
2020-06-25 10:38:45,495 2864 https://ksearch.cognitiveservices.azure.com:443 "GET /bing/v7.0/news/search?q=%28Coca+Cola++OR++Coca-Cola++OR++Coca+Cola+India%29&mkt=en-IN&freshness=day HTTP/1.1" 200 9280
2020-06-25 10:38:45,500 2864 
Processing finished in 11.81135368347168 seconds.
2020-06-25 10:42:34,485 2864 Process Started =====================================================================================
2020-06-25 10:42:34,486 2864 Iterating through queries

2020-06-25 10:42:34,491 2864 Starting new HTTPS connection (1): ksearch.cognitiveservices.azure.com:443
2020-06-25 10:42:45,546 2864 https://ksearch.cognitiveservices.azure.com:443 "GET /bing/v7.0/news/search?q=%28Coca+Cola++OR++Coca-Cola++OR++Coca+Cola+India%29&mkt=en-IN&freshness=day HTTP/1.1" 200 9280
2020-06-25 10:42:45,554 2864 Processing finished in 11.069451570510864 seconds.=======================================
2020-06-25 10:44:29,349 2864 Process Started =====================================================================================
2020-06-25 10:44:29,350 2864 Iterating through queries

2020-06-25 10:44:29,354 2864 Starting new HTTPS connection (1): ksearch.cognitiveservices.azure.com:443
2020-06-25 10:44:40,505 2864 https://ksearch.cognitiveservices.azure.com:443 "GET /bing/v7.0/news/search?q=%28Coca+Cola++OR++Coca-Cola++OR++Coca+Cola+India%29&mkt=en-IN&freshness=day HTTP/1.1" 200 9408
2020-06-25 10:44:40,513 2864 Processing finished in 11.163379907608032 seconds.===================================================
2020-06-25 10:47:35,698 2864 Process Started =====================================================================================
2020-06-25 10:47:35,699 2864 Iterating through queries

2020-06-25 10:47:35,703 2864 Starting new HTTPS connection (1): ksearch.cognitiveservices.azure.com:443
2020-06-25 10:47:47,285 2864 https://ksearch.cognitiveservices.azure.com:443 "GET /bing/v7.0/news/search?q=%28Coca+Cola++OR++Coca-Cola++OR++Coca+Cola+India%29&mkt=en-IN&freshness=day HTTP/1.1" 200 9408
2020-06-25 10:47:47,291 2864 Processing finished in 11.593253135681152 seconds.===================================================
2020-06-25 11:09:09,804 2864 Process Started =====================================================================================
2020-06-25 11:09:09,805 2864 Iterating through queries

2020-06-25 11:09:09,810 2864 Starting new HTTPS connection (1): ksearch.cognitiveservices.azure.com:443
2020-06-25 11:09:21,069 2864 https://ksearch.cognitiveservices.azure.com:443 "GET /bing/v7.0/news/search?q=%28Coca+Cola++OR++Coca-Cola++OR++Coca+Cola+India%29&mkt=en-IN&freshness=day HTTP/1.1" 200 9506
2020-06-25 11:09:21,076 2864 Processing finished in 11.27314305305481 seconds.===================================================
